<?xml version="1.0" encoding="UTF-8"?>
<coverage generated="1543362765">
  <project timestamp="1543362765">
    <package name="AppBundle">
      <file name="/home/alex/Bureau/ecv/php/to_do_list/src/AppBundle/AppBundle.php">
        <class name="AppBundle\AppBundle" namespace="AppBundle">
          <metrics complexity="0" methods="0" coveredmethods="0" conditionals="0" coveredconditionals="0" statements="0" coveredstatements="0" elements="0" coveredelements="0"/>
        </class>
        <metrics loc="9" ncloc="9" classes="0" methods="0" coveredmethods="0" conditionals="0" coveredconditionals="0" statements="0" coveredstatements="0" elements="0" coveredelements="0"/>
      </file>
    </package>
    <package name="AppBundle\Controller">
      <file name="/home/alex/Bureau/ecv/php/to_do_list/src/AppBundle/Controller/TaskController.php">
        <class name="AppBundle\Controller\TaskController" namespace="AppBundle\Controller">
          <metrics complexity="8" methods="6" coveredmethods="6" conditionals="0" coveredconditionals="0" statements="22" coveredstatements="22" elements="28" coveredelements="28"/>
        </class>
        <line num="25" type="method" name="listAction" visibility="public" complexity="1" crap="1" count="6"/>
        <line num="27" type="stmt" count="6"/>
        <line num="28" type="stmt" count="6"/>
        <line num="29" type="stmt" count="6"/>
        <line num="30" type="stmt" count="6"/>
        <line num="37" type="method" name="addAction" visibility="public" complexity="2" crap="2" count="1"/>
        <line num="39" type="stmt" count="1"/>
        <line num="40" type="stmt" count="1"/>
        <line num="42" type="stmt" count="1"/>
        <line num="43" type="stmt" count="1"/>
        <line num="45" type="stmt" count="1"/>
        <line num="46" type="stmt" count="1"/>
        <line num="47" type="stmt" count="1"/>
        <line num="54" type="method" name="checkAction" visibility="public" complexity="1" crap="1" count="1"/>
        <line num="56" type="stmt" count="1"/>
        <line num="57" type="stmt" count="1"/>
        <line num="63" type="method" name="updateAction" visibility="public" complexity="2" crap="2" count="1"/>
        <line num="65" type="stmt" count="1"/>
        <line num="66" type="stmt" count="1"/>
        <line num="67" type="stmt" count="1"/>
        <line num="69" type="stmt" count="1"/>
        <line num="70" type="stmt" count="1"/>
        <line num="77" type="method" name="updatePositionAction" visibility="public" complexity="1" crap="1" count="1"/>
        <line num="79" type="stmt" count="1"/>
        <line num="80" type="stmt" count="1"/>
        <line num="86" type="method" name="deleteAction" visibility="public" complexity="1" crap="1" count="1"/>
        <line num="88" type="stmt" count="1"/>
        <line num="89" type="stmt" count="1"/>
        <metrics loc="91" ncloc="73" classes="1" methods="6" coveredmethods="6" conditionals="0" coveredconditionals="0" statements="22" coveredstatements="22" elements="28" coveredelements="28"/>
      </file>
      <file name="/home/alex/Bureau/ecv/php/to_do_list/src/AppBundle/Controller/UserController.php">
        <class name="AppBundle\Controller\UserController" namespace="AppBundle\Controller">
          <metrics complexity="6" methods="4" coveredmethods="4" conditionals="0" coveredconditionals="0" statements="14" coveredstatements="14" elements="18" coveredelements="18"/>
        </class>
        <line num="22" type="method" name="listAction" visibility="public" complexity="1" crap="1" count="4"/>
        <line num="24" type="stmt" count="4"/>
        <line num="25" type="stmt" count="4"/>
        <line num="32" type="method" name="addAction" visibility="public" complexity="2" crap="2" count="1"/>
        <line num="34" type="stmt" count="1"/>
        <line num="35" type="stmt" count="1"/>
        <line num="36" type="stmt" count="1"/>
        <line num="38" type="stmt" count="1"/>
        <line num="39" type="stmt" count="1"/>
        <line num="46" type="method" name="updateAction" visibility="public" complexity="2" crap="2" count="1"/>
        <line num="48" type="stmt" count="1"/>
        <line num="49" type="stmt" count="1"/>
        <line num="50" type="stmt" count="1"/>
        <line num="52" type="stmt" count="1"/>
        <line num="53" type="stmt" count="1"/>
        <line num="60" type="method" name="deleteAction" visibility="public" complexity="1" crap="1" count="1"/>
        <line num="62" type="stmt" count="1"/>
        <line num="63" type="stmt" count="1"/>
        <metrics loc="65" ncloc="53" classes="1" methods="4" coveredmethods="4" conditionals="0" coveredconditionals="0" statements="14" coveredstatements="14" elements="18" coveredelements="18"/>
      </file>
    </package>
    <package name="AppBundle\Entity">
      <file name="/home/alex/Bureau/ecv/php/to_do_list/src/AppBundle/Entity/Task.php">
        <class name="AppBundle\Entity\Task" namespace="AppBundle\Entity">
          <metrics complexity="13" methods="13" coveredmethods="13" conditionals="0" coveredconditionals="0" statements="19" coveredstatements="19" elements="32" coveredelements="32"/>
        </class>
        <line num="65" type="method" name="getId" visibility="public" complexity="1" crap="1" count="9"/>
        <line num="67" type="stmt" count="9"/>
        <line num="77" type="method" name="setTitle" visibility="public" complexity="1" crap="1" count="2"/>
        <line num="79" type="stmt" count="2"/>
        <line num="81" type="stmt" count="2"/>
        <line num="89" type="method" name="getTitle" visibility="public" complexity="1" crap="1" count="7"/>
        <line num="91" type="stmt" count="7"/>
        <line num="101" type="method" name="setDescription" visibility="public" complexity="1" crap="1" count="3"/>
        <line num="103" type="stmt" count="3"/>
        <line num="105" type="stmt" count="3"/>
        <line num="113" type="method" name="getDescription" visibility="public" complexity="1" crap="1" count="7"/>
        <line num="115" type="stmt" count="7"/>
        <line num="125" type="method" name="setComplete" visibility="public" complexity="1" crap="1" count="3"/>
        <line num="127" type="stmt" count="3"/>
        <line num="129" type="stmt" count="3"/>
        <line num="137" type="method" name="getComplete" visibility="public" complexity="1" crap="1" count="6"/>
        <line num="139" type="stmt" count="6"/>
        <line num="145" type="method" name="isComplete" visibility="public" complexity="1" crap="1" count="1"/>
        <line num="147" type="stmt" count="1"/>
        <line num="153" type="method" name="getAuthor" visibility="public" complexity="1" crap="1" count="7"/>
        <line num="155" type="stmt" count="7"/>
        <line num="163" type="method" name="setId" visibility="public" complexity="1" crap="1" count="1"/>
        <line num="165" type="stmt" count="1"/>
        <line num="167" type="stmt" count="1"/>
        <line num="175" type="method" name="setAuthor" visibility="public" complexity="1" crap="1" count="2"/>
        <line num="177" type="stmt" count="2"/>
        <line num="179" type="stmt" count="2"/>
        <line num="187" type="method" name="getPosition" visibility="public" complexity="1" crap="1" count="2"/>
        <line num="189" type="stmt" count="2"/>
        <line num="199" type="method" name="setPosition" visibility="public" complexity="1" crap="1" count="4"/>
        <line num="201" type="stmt" count="4"/>
        <line num="203" type="stmt" count="4"/>
        <metrics loc="206" ncloc="99" classes="1" methods="13" coveredmethods="13" conditionals="0" coveredconditionals="0" statements="19" coveredstatements="19" elements="32" coveredelements="32"/>
      </file>
      <file name="/home/alex/Bureau/ecv/php/to_do_list/src/AppBundle/Entity/User.php">
        <class name="AppBundle\Entity\User" namespace="AppBundle\Entity">
          <metrics complexity="3" methods="3" coveredmethods="3" conditionals="0" coveredconditionals="0" statements="4" coveredstatements="4" elements="7" coveredelements="7"/>
        </class>
        <line num="46" type="method" name="getId" visibility="public" complexity="1" crap="1" count="5"/>
        <line num="48" type="stmt" count="5"/>
        <line num="58" type="method" name="setName" visibility="public" complexity="1" crap="1" count="3"/>
        <line num="60" type="stmt" count="3"/>
        <line num="62" type="stmt" count="3"/>
        <line num="70" type="method" name="getName" visibility="public" complexity="1" crap="1" count="11"/>
        <line num="72" type="stmt" count="11"/>
        <metrics loc="75" ncloc="35" classes="1" methods="3" coveredmethods="3" conditionals="0" coveredconditionals="0" statements="4" coveredstatements="4" elements="7" coveredelements="7"/>
      </file>
    </package>
    <package name="AppBundle\Event">
      <file name="/home/alex/Bureau/ecv/php/to_do_list/src/AppBundle/Event/PositionUpdatedEvent.php">
        <class name="AppBundle\Event\PositionUpdatedEvent" namespace="AppBundle\Event">
          <metrics complexity="3" methods="3" coveredmethods="3" conditionals="0" coveredconditionals="0" statements="5" coveredstatements="5" elements="8" coveredelements="8"/>
        </class>
        <line num="16" type="method" name="__construct" visibility="public" complexity="1" crap="1" count="1"/>
        <line num="18" type="stmt" count="1"/>
        <line num="19" type="stmt" count="1"/>
        <line num="20" type="stmt" count="1"/>
        <line num="22" type="method" name="getTask" visibility="public" complexity="1" crap="1" count="1"/>
        <line num="24" type="stmt" count="1"/>
        <line num="27" type="method" name="getManager" visibility="public" complexity="1" crap="1" count="1"/>
        <line num="29" type="stmt" count="1"/>
        <metrics loc="30" ncloc="30" classes="1" methods="3" coveredmethods="3" conditionals="0" coveredconditionals="0" statements="5" coveredstatements="5" elements="8" coveredelements="8"/>
      </file>
    </package>
    <package name="AppBundle\EventListener">
      <file name="/home/alex/Bureau/ecv/php/to_do_list/src/AppBundle/EventListener/PositionTaskListener.php">
        <class name="AppBundle\EventListener\PositionTaskListener" namespace="AppBundle\EventListener">
          <metrics complexity="3" methods="3" coveredmethods="3" conditionals="0" coveredconditionals="0" statements="14" coveredstatements="14" elements="17" coveredelements="17"/>
        </class>
        <line num="15" type="method" name="__construct" visibility="public" complexity="1" crap="1" count="1"/>
        <line num="17" type="stmt" count="1"/>
        <line num="18" type="stmt" count="1"/>
        <line num="19" type="stmt" count="1"/>
        <line num="21" type="method" name="onPositionUpdate" visibility="public" complexity="1" crap="1" count="1"/>
        <line num="23" type="stmt" count="1"/>
        <line num="24" type="stmt" count="1"/>
        <line num="26" type="method" name="sortPosition" visibility="private" complexity="1" crap="1" count="1"/>
        <line num="28" type="stmt" count="1"/>
        <line num="29" type="stmt" count="1"/>
        <line num="30" type="stmt" count="1"/>
        <line num="31" type="stmt" count="1"/>
        <line num="32" type="stmt" count="1"/>
        <line num="33" type="stmt" count="1"/>
        <line num="34" type="stmt" count="1"/>
        <line num="35" type="stmt" count="1"/>
        <line num="36" type="stmt" count="1"/>
        <metrics loc="37" ncloc="37" classes="1" methods="3" coveredmethods="3" conditionals="0" coveredconditionals="0" statements="14" coveredstatements="14" elements="17" coveredelements="17"/>
      </file>
      <file name="/home/alex/Bureau/ecv/php/to_do_list/src/AppBundle/EventListener/TaskSubscriber.php">
        <class name="AppBundle\EventListener\TaskSubscriber" namespace="AppBundle\EventListener">
          <metrics complexity="4" methods="3" coveredmethods="3" conditionals="0" coveredconditionals="0" statements="9" coveredstatements="9" elements="12" coveredelements="12"/>
        </class>
        <line num="11" type="method" name="getSubscribedEvents" visibility="public" complexity="1" crap="1" count="14"/>
        <line num="14" type="stmt" count="14"/>
        <line num="18" type="method" name="prePersist" visibility="public" complexity="1" crap="1" count="2"/>
        <line num="20" type="stmt" count="2"/>
        <line num="21" type="stmt" count="2"/>
        <line num="23" type="method" name="setPosition" visibility="private" complexity="2" crap="2" count="2"/>
        <line num="25" type="stmt" count="2"/>
        <line num="27" type="stmt" count="2"/>
        <line num="28" type="stmt" count="1"/>
        <line num="30" type="stmt" count="1"/>
        <line num="31" type="stmt" count="1"/>
        <line num="32" type="stmt" count="1"/>
        <metrics loc="33" ncloc="33" classes="1" methods="3" coveredmethods="3" conditionals="0" coveredconditionals="0" statements="9" coveredstatements="9" elements="12" coveredelements="12"/>
      </file>
    </package>
    <package name="AppBundle\Form\DataTransformer">
      <file name="/home/alex/Bureau/ecv/php/to_do_list/src/AppBundle/Form/DataTransformer/UserToStringTransformer.php">
        <class name="AppBundle\Form\DataTransformer\UserToStringTransformer" namespace="AppBundle\Form\DataTransformer">
          <metrics complexity="6" methods="3" coveredmethods="2" conditionals="0" coveredconditionals="0" statements="15" coveredstatements="11" elements="18" coveredelements="13"/>
        </class>
        <line num="18" type="method" name="__construct" visibility="public" complexity="1" crap="1" count="2"/>
        <line num="20" type="stmt" count="2"/>
        <line num="21" type="stmt" count="2"/>
        <line num="23" type="method" name="transform" visibility="public" complexity="2" crap="2" count="2"/>
        <line num="25" type="stmt" count="2"/>
        <line num="26" type="stmt" count="1"/>
        <line num="29" type="stmt" count="1"/>
        <line num="32" type="method" name="reverseTransform" visibility="public" complexity="3" crap="3.58" count="2"/>
        <line num="34" type="stmt" count="2"/>
        <line num="35" type="stmt" count="0"/>
        <line num="37" type="stmt" count="2"/>
        <line num="38" type="stmt" count="2"/>
        <line num="39" type="stmt" count="2"/>
        <line num="42" type="stmt" count="2"/>
        <line num="43" type="stmt" count="0"/>
        <line num="44" type="stmt" count="0"/>
        <line num="45" type="stmt" count="0"/>
        <line num="48" type="stmt" count="2"/>
        <metrics loc="49" ncloc="43" classes="1" methods="3" coveredmethods="2" conditionals="0" coveredconditionals="0" statements="15" coveredstatements="11" elements="18" coveredelements="13"/>
      </file>
    </package>
    <package name="AppBundle\Form">
      <file name="/home/alex/Bureau/ecv/php/to_do_list/src/AppBundle/Form/FilterType.php">
        <class name="AppBundle\Form\FilterType" namespace="AppBundle\Form">
          <metrics complexity="1" methods="1" coveredmethods="1" conditionals="0" coveredconditionals="0" statements="10" coveredstatements="10" elements="11" coveredelements="11"/>
        </class>
        <line num="25" type="method" name="buildForm" visibility="public" complexity="1" crap="1" count="6"/>
        <line num="28" type="stmt" count="6"/>
        <line num="29" type="stmt" count="6"/>
        <line num="31" type="stmt" count="6"/>
        <line num="32" type="stmt" count="6"/>
        <line num="36" type="stmt" count="6"/>
        <line num="37" type="stmt" count="6"/>
        <line num="45" type="stmt" count="6"/>
        <line num="46" type="stmt" count="6"/>
        <line num="51" type="stmt" count="6"/>
        <line num="53" type="stmt" count="6"/>
        <metrics loc="54" ncloc="51" classes="1" methods="1" coveredmethods="1" conditionals="0" coveredconditionals="0" statements="10" coveredstatements="10" elements="11" coveredelements="11"/>
      </file>
      <file name="/home/alex/Bureau/ecv/php/to_do_list/src/AppBundle/Form/TaskType.php">
        <class name="AppBundle\Form\TaskType" namespace="AppBundle\Form">
          <metrics complexity="4" methods="4" coveredmethods="4" conditionals="0" coveredconditionals="0" statements="13" coveredstatements="13" elements="17" coveredelements="17"/>
        </class>
        <line num="21" type="method" name="__construct" visibility="public" complexity="1" crap="1" count="2"/>
        <line num="23" type="stmt" count="2"/>
        <line num="24" type="stmt" count="2"/>
        <line num="28" type="method" name="buildForm" visibility="public" complexity="1" crap="1" count="2"/>
        <line num="31" type="stmt" count="2"/>
        <line num="32" type="stmt" count="2"/>
        <line num="33" type="stmt" count="2"/>
        <line num="34" type="stmt" count="2"/>
        <line num="35" type="stmt" count="2"/>
        <line num="36" type="stmt" count="2"/>
        <line num="37" type="stmt" count="2"/>
        <line num="42" type="method" name="configureOptions" visibility="public" complexity="1" crap="1" count="2"/>
        <line num="44" type="stmt" count="2"/>
        <line num="45" type="stmt" count="2"/>
        <line num="47" type="stmt" count="2"/>
        <line num="52" type="method" name="getBlockPrefix" visibility="public" complexity="1" crap="1" count="2"/>
        <line num="54" type="stmt" count="2"/>
        <metrics loc="58" ncloc="49" classes="1" methods="4" coveredmethods="4" conditionals="0" coveredconditionals="0" statements="13" coveredstatements="13" elements="17" coveredelements="17"/>
      </file>
      <file name="/home/alex/Bureau/ecv/php/to_do_list/src/AppBundle/Form/UserType.php">
        <class name="AppBundle\Form\UserType" namespace="AppBundle\Form">
          <metrics complexity="3" methods="3" coveredmethods="3" conditionals="0" coveredconditionals="0" statements="6" coveredstatements="6" elements="9" coveredelements="9"/>
        </class>
        <line num="14" type="method" name="buildForm" visibility="public" complexity="1" crap="1" count="2"/>
        <line num="16" type="stmt" count="2"/>
        <line num="17" type="stmt" count="2"/>
        <line num="20" type="method" name="configureOptions" visibility="public" complexity="1" crap="1" count="2"/>
        <line num="22" type="stmt" count="2"/>
        <line num="23" type="stmt" count="2"/>
        <line num="25" type="stmt" count="2"/>
        <line num="30" type="method" name="getBlockPrefix" visibility="public" complexity="1" crap="1" count="2"/>
        <line num="32" type="stmt" count="2"/>
        <metrics loc="36" ncloc="27" classes="1" methods="3" coveredmethods="3" conditionals="0" coveredconditionals="0" statements="6" coveredstatements="6" elements="9" coveredelements="9"/>
      </file>
    </package>
    <package name="AppBundle\Handler">
      <file name="/home/alex/Bureau/ecv/php/to_do_list/src/AppBundle/Handler/TaskAddHandler.php">
        <class name="AppBundle\Handler\TaskAddHandler" namespace="AppBundle\Handler">
          <metrics complexity="4" methods="2" coveredmethods="2" conditionals="0" coveredconditionals="0" statements="7" coveredstatements="7" elements="9" coveredelements="9"/>
        </class>
        <line num="12" type="method" name="__construct" visibility="public" complexity="1" crap="1" count="1"/>
        <line num="14" type="stmt" count="1"/>
        <line num="15" type="stmt" count="1"/>
        <line num="17" type="method" name="handle" visibility="public" complexity="3" crap="3" count="1"/>
        <line num="19" type="stmt" count="1"/>
        <line num="20" type="stmt" count="1"/>
        <line num="21" type="stmt" count="1"/>
        <line num="22" type="stmt" count="1"/>
        <line num="25" type="stmt" count="1"/>
        <metrics loc="26" ncloc="26" classes="1" methods="2" coveredmethods="2" conditionals="0" coveredconditionals="0" statements="7" coveredstatements="7" elements="9" coveredelements="9"/>
      </file>
      <file name="/home/alex/Bureau/ecv/php/to_do_list/src/AppBundle/Handler/TaskCheckHandler.php">
        <class name="AppBundle\Handler\TaskCheckHandler" namespace="AppBundle\Handler">
          <metrics complexity="2" methods="2" coveredmethods="2" conditionals="0" coveredconditionals="0" statements="5" coveredstatements="5" elements="7" coveredelements="7"/>
        </class>
        <line num="12" type="method" name="__construct" visibility="public" complexity="1" crap="1" count="1"/>
        <line num="14" type="stmt" count="1"/>
        <line num="15" type="stmt" count="1"/>
        <line num="17" type="method" name="handle" visibility="public" complexity="1" crap="1" count="1"/>
        <line num="19" type="stmt" count="1"/>
        <line num="20" type="stmt" count="1"/>
        <line num="21" type="stmt" count="1"/>
        <metrics loc="23" ncloc="23" classes="1" methods="2" coveredmethods="2" conditionals="0" coveredconditionals="0" statements="5" coveredstatements="5" elements="7" coveredelements="7"/>
      </file>
      <file name="/home/alex/Bureau/ecv/php/to_do_list/src/AppBundle/Handler/TaskDeleteHandler.php">
        <class name="AppBundle\Handler\TaskDeleteHandler" namespace="AppBundle\Handler">
          <metrics complexity="2" methods="2" coveredmethods="2" conditionals="0" coveredconditionals="0" statements="5" coveredstatements="5" elements="7" coveredelements="7"/>
        </class>
        <line num="12" type="method" name="__construct" visibility="public" complexity="1" crap="1" count="1"/>
        <line num="14" type="stmt" count="1"/>
        <line num="15" type="stmt" count="1"/>
        <line num="17" type="method" name="handle" visibility="public" complexity="1" crap="1" count="1"/>
        <line num="19" type="stmt" count="1"/>
        <line num="20" type="stmt" count="1"/>
        <line num="21" type="stmt" count="1"/>
        <metrics loc="22" ncloc="22" classes="1" methods="2" coveredmethods="2" conditionals="0" coveredconditionals="0" statements="5" coveredstatements="5" elements="7" coveredelements="7"/>
      </file>
      <file name="/home/alex/Bureau/ecv/php/to_do_list/src/AppBundle/Handler/TaskUpdateHandler.php">
        <class name="AppBundle\Handler\TaskUpdateHandler" namespace="AppBundle\Handler">
          <metrics complexity="4" methods="2" coveredmethods="2" conditionals="0" coveredconditionals="0" statements="6" coveredstatements="6" elements="8" coveredelements="8"/>
        </class>
        <line num="18" type="method" name="__construct" visibility="public" complexity="1" crap="1" count="1"/>
        <line num="20" type="stmt" count="1"/>
        <line num="21" type="stmt" count="1"/>
        <line num="23" type="method" name="handle" visibility="public" complexity="3" crap="3" count="1"/>
        <line num="25" type="stmt" count="1"/>
        <line num="26" type="stmt" count="1"/>
        <line num="27" type="stmt" count="1"/>
        <line num="30" type="stmt" count="1"/>
        <metrics loc="31" ncloc="25" classes="1" methods="2" coveredmethods="2" conditionals="0" coveredconditionals="0" statements="6" coveredstatements="6" elements="8" coveredelements="8"/>
      </file>
      <file name="/home/alex/Bureau/ecv/php/to_do_list/src/AppBundle/Handler/TaskUpdatePositionHandler.php">
        <class name="AppBundle\Handler\TaskUpdatePositionHandler" namespace="AppBundle\Handler">
          <metrics complexity="2" methods="2" coveredmethods="2" conditionals="0" coveredconditionals="0" statements="7" coveredstatements="7" elements="9" coveredelements="9"/>
        </class>
        <line num="15" type="method" name="__construct" visibility="public" complexity="1" crap="1" count="1"/>
        <line num="17" type="stmt" count="1"/>
        <line num="18" type="stmt" count="1"/>
        <line num="19" type="stmt" count="1"/>
        <line num="21" type="method" name="handle" visibility="public" complexity="1" crap="1" count="1"/>
        <line num="23" type="stmt" count="1"/>
        <line num="24" type="stmt" count="1"/>
        <line num="25" type="stmt" count="1"/>
        <line num="26" type="stmt" count="1"/>
        <metrics loc="28" ncloc="28" classes="1" methods="2" coveredmethods="2" conditionals="0" coveredconditionals="0" statements="7" coveredstatements="7" elements="9" coveredelements="9"/>
      </file>
      <file name="/home/alex/Bureau/ecv/php/to_do_list/src/AppBundle/Handler/UserAddHandler.php">
        <class name="AppBundle\Handler\UserAddHandler" namespace="AppBundle\Handler">
          <metrics complexity="4" methods="2" coveredmethods="2" conditionals="0" coveredconditionals="0" statements="7" coveredstatements="7" elements="9" coveredelements="9"/>
        </class>
        <line num="12" type="method" name="__construct" visibility="public" complexity="1" crap="1" count="1"/>
        <line num="14" type="stmt" count="1"/>
        <line num="15" type="stmt" count="1"/>
        <line num="17" type="method" name="handle" visibility="public" complexity="3" crap="3" count="1"/>
        <line num="19" type="stmt" count="1"/>
        <line num="21" type="stmt" count="1"/>
        <line num="22" type="stmt" count="1"/>
        <line num="23" type="stmt" count="1"/>
        <line num="26" type="stmt" count="1"/>
        <metrics loc="27" ncloc="27" classes="1" methods="2" coveredmethods="2" conditionals="0" coveredconditionals="0" statements="7" coveredstatements="7" elements="9" coveredelements="9"/>
      </file>
      <file name="/home/alex/Bureau/ecv/php/to_do_list/src/AppBundle/Handler/UserDeleteHandler.php">
        <class name="AppBundle\Handler\UserDeleteHandler" namespace="AppBundle\Handler">
          <metrics complexity="2" methods="2" coveredmethods="2" conditionals="0" coveredconditionals="0" statements="5" coveredstatements="5" elements="7" coveredelements="7"/>
        </class>
        <line num="19" type="method" name="__construct" visibility="public" complexity="1" crap="1" count="1"/>
        <line num="21" type="stmt" count="1"/>
        <line num="22" type="stmt" count="1"/>
        <line num="24" type="method" name="handle" visibility="public" complexity="1" crap="1" count="1"/>
        <line num="26" type="stmt" count="1"/>
        <line num="27" type="stmt" count="1"/>
        <line num="28" type="stmt" count="1"/>
        <metrics loc="29" ncloc="23" classes="1" methods="2" coveredmethods="2" conditionals="0" coveredconditionals="0" statements="5" coveredstatements="5" elements="7" coveredelements="7"/>
      </file>
      <file name="/home/alex/Bureau/ecv/php/to_do_list/src/AppBundle/Handler/UserUpdateHandler.php">
        <class name="AppBundle\Handler\UserUpdateHandler" namespace="AppBundle\Handler">
          <metrics complexity="4" methods="2" coveredmethods="2" conditionals="0" coveredconditionals="0" statements="6" coveredstatements="6" elements="8" coveredelements="8"/>
        </class>
        <line num="19" type="method" name="__construct" visibility="public" complexity="1" crap="1" count="1"/>
        <line num="21" type="stmt" count="1"/>
        <line num="22" type="stmt" count="1"/>
        <line num="24" type="method" name="handle" visibility="public" complexity="3" crap="3" count="1"/>
        <line num="26" type="stmt" count="1"/>
        <line num="27" type="stmt" count="1"/>
        <line num="28" type="stmt" count="1"/>
        <line num="30" type="stmt" count="1"/>
        <metrics loc="31" ncloc="25" classes="1" methods="2" coveredmethods="2" conditionals="0" coveredconditionals="0" statements="6" coveredstatements="6" elements="8" coveredelements="8"/>
      </file>
    </package>
    <package name="AppBundle\Repository">
      <file name="/home/alex/Bureau/ecv/php/to_do_list/src/AppBundle/Repository/TaskRepository.php">
        <class name="AppBundle\Repository\TaskRepository" namespace="AppBundle\Repository">
          <metrics complexity="6" methods="4" coveredmethods="3" conditionals="0" coveredconditionals="0" statements="28" coveredstatements="26" elements="32" coveredelements="29"/>
        </class>
        <line num="16" type="method" name="getFilteredTasks" visibility="public" complexity="3" crap="3.10" count="6"/>
        <line num="18" type="stmt" count="6"/>
        <line num="19" type="stmt" count="6"/>
        <line num="20" type="stmt" count="6"/>
        <line num="21" type="stmt" count="6"/>
        <line num="23" type="stmt" count="6"/>
        <line num="24" type="stmt" count="0"/>
        <line num="26" type="stmt" count="6"/>
        <line num="27" type="stmt" count="0"/>
        <line num="30" type="stmt" count="6"/>
        <line num="32" type="method" name="findByGreaterStartPositionAndLowerOrEqualEndPosition" visibility="public" complexity="1" crap="1" count="2"/>
        <line num="33" type="stmt" count="2"/>
        <line num="34" type="stmt" count="2"/>
        <line num="35" type="stmt" count="2"/>
        <line num="36" type="stmt" count="2"/>
        <line num="37" type="stmt" count="2"/>
        <line num="38" type="stmt" count="2"/>
        <line num="39" type="stmt" count="2"/>
        <line num="42" type="method" name="findByLowerStartPositionAndGreaterOrEqualEndPosition" visibility="public" complexity="1" crap="1" count="2"/>
        <line num="43" type="stmt" count="2"/>
        <line num="44" type="stmt" count="2"/>
        <line num="45" type="stmt" count="2"/>
        <line num="46" type="stmt" count="2"/>
        <line num="47" type="stmt" count="2"/>
        <line num="48" type="stmt" count="2"/>
        <line num="49" type="stmt" count="2"/>
        <line num="52" type="method" name="getMaxPosition" visibility="public" complexity="1" crap="1" count="1"/>
        <line num="54" type="stmt" count="1"/>
        <line num="55" type="stmt" count="1"/>
        <line num="56" type="stmt" count="1"/>
        <line num="57" type="stmt" count="1"/>
        <line num="58" type="stmt" count="1"/>
        <metrics loc="61" ncloc="55" classes="1" methods="4" coveredmethods="3" conditionals="0" coveredconditionals="0" statements="28" coveredstatements="26" elements="32" coveredelements="29"/>
      </file>
      <file name="/home/alex/Bureau/ecv/php/to_do_list/src/AppBundle/Repository/UserRepository.php">
        <class name="AppBundle\Repository\UserRepository" namespace="AppBundle\Repository">
          <metrics complexity="0" methods="0" coveredmethods="0" conditionals="0" coveredconditionals="0" statements="0" coveredstatements="0" elements="0" coveredelements="0"/>
        </class>
        <metrics loc="13" ncloc="7" classes="0" methods="0" coveredmethods="0" conditionals="0" coveredconditionals="0" statements="0" coveredstatements="0" elements="0" coveredelements="0"/>
      </file>
    </package>
    <package name="AppBundle\Service">
      <file name="/home/alex/Bureau/ecv/php/to_do_list/src/AppBundle/Service/PositionSorter.php">
        <class name="AppBundle\Service\PositionSorter" namespace="AppBundle\Service">
          <metrics complexity="6" methods="1" coveredmethods="1" conditionals="0" coveredconditionals="0" statements="15" coveredstatements="15" elements="16" coveredelements="16"/>
        </class>
        <line num="11" type="method" name="sort" visibility="public" complexity="6" crap="6" count="3"/>
        <line num="13" type="stmt" count="3"/>
        <line num="14" type="stmt" count="3"/>
        <line num="15" type="stmt" count="1"/>
        <line num="16" type="stmt" count="1"/>
        <line num="17" type="stmt" count="1"/>
        <line num="19" type="stmt" count="2"/>
        <line num="20" type="stmt" count="1"/>
        <line num="21" type="stmt" count="1"/>
        <line num="22" type="stmt" count="1"/>
        <line num="24" type="stmt" count="3"/>
        <line num="25" type="stmt" count="1"/>
        <line num="26" type="stmt" count="1"/>
        <line num="30" type="stmt" count="3"/>
        <line num="31" type="stmt" count="2"/>
        <line num="33" type="stmt" count="3"/>
        <metrics loc="33" ncloc="33" classes="1" methods="1" coveredmethods="1" conditionals="0" coveredconditionals="0" statements="15" coveredstatements="15" elements="16" coveredelements="16"/>
      </file>
    </package>
    <metrics files="23" loc="1067" ncloc="833" classes="21" methods="67" coveredmethods="65" conditionals="0" coveredconditionals="0" statements="222" coveredstatements="216" elements="289" coveredelements="281"/>
  </project>
</coverage>
